<?xml version="1.0" encoding="UTF-8"?>
<!-- Generated by org.testng.reporters.JUnitReportReporter -->
<testsuite hostname="Home-PC" name="opentapsweek5.MergeLead" tests="1" failures="0" timestamp="18 Apr 2016 07:41:24 GMT" time="0.002" errors="0">
  <testcase name="MergeLead" time="0.002" classname="opentapsweek5.MergeLead"/>
</testsuite> <!-- opentapsweek5.MergeLead -->
