<?xml version="1.0" encoding="UTF-8"?>
<!-- Generated by org.testng.reporters.JUnitReportReporter -->
<testsuite hostname="Home-PC" name="week5opentapstestng.CreateContact" tests="1" failures="0" timestamp="21 Apr 2016 20:03:20 GMT" time="0.001" errors="0">
  <testcase name="createcontact" time="0.001" classname="week5opentapstestng.CreateContact"/>
</testsuite> <!-- week5opentapstestng.CreateContact -->
