<?xml version="1.0" encoding="UTF-8"?>
<!-- Generated by org.testng.reporters.JUnitReportReporter -->
<testsuite hostname="Home-PC" name="week5opentapstestng.EditLead" tests="1" failures="0" timestamp="21 Apr 2016 20:03:20 GMT" time="0.002" errors="0">
  <testcase name="editleads" time="0.002" classname="week5opentapstestng.EditLead"/>
</testsuite> <!-- week5opentapstestng.EditLead -->
