<?xml version="1.0" encoding="UTF-8"?>
<!-- Generated by org.testng.reporters.JUnitReportReporter -->
<testsuite hostname="Home-PC" name="opentapsweek5.DeleteLead" tests="1" failures="0" timestamp="18 Apr 2016 11:10:17 GMT" time="0.008" errors="0">
  <testcase name="DeleteLead" time="0.008" classname="opentapsweek5.DeleteLead"/>
</testsuite> <!-- opentapsweek5.DeleteLead -->
