<?xml version="1.0" encoding="UTF-8"?>
<!-- Generated by org.testng.reporters.JUnitReportReporter -->
<testsuite hostname="Home-PC" name="week5opentapstestng.CreateLead" tests="2" failures="0" timestamp="21 Apr 2016 20:03:20 GMT" time="0.007" errors="0">
  <testcase name="creatinglead" time="0.005" classname="week5opentapstestng.CreateLead"/>
  <testcase name="creatinglead" time="0.002" classname="week5opentapstestng.CreateLead"/>
</testsuite> <!-- week5opentapstestng.CreateLead -->
