<?xml version="1.0" encoding="UTF-8"?>
<!-- Generated by org.testng.reporters.JUnitReportReporter -->
<testsuite hostname="Home-PC" name="opentapsweek5.EditLead" tests="1" failures="0" timestamp="18 Apr 2016 11:10:17 GMT" time="0.007" errors="0">
  <testcase name="EditLead" time="0.007" classname="opentapsweek5.EditLead"/>
</testsuite> <!-- opentapsweek5.EditLead -->
